CRITICAL - 2024-10-22 18:54:51 --> ErrorException: Undefined property: stdClass::$nomeMaquinario
[Method: GET, Route: modelo/inserir]
in APPPATH\Views\modelo\inserir.php on line 16.
 1 APPPATH\Views\modelo\inserir.php(16): CodeIgniter\Debug\Exceptions->errorHandler(2, 'Undefined property: stdClass::$nomeMaquinario', 'C:\\xampp\\htdocs\\VTornos\\app\\Views\\modelo\\inserir.php', 16)
 2 SYSTEMPATH\View\View.php(234): include('C:\\xampp\\htdocs\\VTornos\\app\\Views\\modelo\\inserir.php')
 3 SYSTEMPATH\View\View.php(237): CodeIgniter\View\View->CodeIgniter\View\{closure}()
 4 SYSTEMPATH\Common.php(1171): CodeIgniter\View\View->render('modelo/inserir', [], true)
 5 APPPATH\Controllers\ModeloController.php(38): view('modelo/inserir', [...])
 6 SYSTEMPATH\CodeIgniter.php(933): App\Controllers\ModeloController->inserir()
 7 SYSTEMPATH\CodeIgniter.php(509): CodeIgniter\CodeIgniter->runController(Object(App\Controllers\ModeloController))
 8 SYSTEMPATH\CodeIgniter.php(355): CodeIgniter\CodeIgniter->handleRequest(null, Object(Config\Cache), false)
 9 SYSTEMPATH\Boot.php(325): CodeIgniter\CodeIgniter->run()
10 SYSTEMPATH\Boot.php(67): CodeIgniter\Boot::runCodeIgniter(Object(CodeIgniter\CodeIgniter))
11 FCPATH\index.php(56): CodeIgniter\Boot::bootWeb(Object(Config\Paths))
12 SYSTEMPATH\Commands\Server\rewrite.php(49): require_once('C:\\xampp\\htdocs\\VTornos\\public\\index.php')
CRITICAL - 2024-10-22 18:55:33 --> ErrorException: Undefined property: stdClass::$nomeMaquinario
[Method: GET, Route: modelo/inserir]
in APPPATH\Views\modelo\inserir.php on line 16.
 1 APPPATH\Views\modelo\inserir.php(16): CodeIgniter\Debug\Exceptions->errorHandler(2, 'Undefined property: stdClass::$nomeMaquinario', 'C:\\xampp\\htdocs\\VTornos\\app\\Views\\modelo\\inserir.php', 16)
 2 SYSTEMPATH\View\View.php(234): include('C:\\xampp\\htdocs\\VTornos\\app\\Views\\modelo\\inserir.php')
 3 SYSTEMPATH\View\View.php(237): CodeIgniter\View\View->CodeIgniter\View\{closure}()
 4 SYSTEMPATH\Common.php(1171): CodeIgniter\View\View->render('modelo/inserir', [], true)
 5 APPPATH\Controllers\ModeloController.php(44): view('modelo/inserir', [...])
 6 SYSTEMPATH\CodeIgniter.php(933): App\Controllers\ModeloController->inserir()
 7 SYSTEMPATH\CodeIgniter.php(509): CodeIgniter\CodeIgniter->runController(Object(App\Controllers\ModeloController))
 8 SYSTEMPATH\CodeIgniter.php(355): CodeIgniter\CodeIgniter->handleRequest(null, Object(Config\Cache), false)
 9 SYSTEMPATH\Boot.php(325): CodeIgniter\CodeIgniter->run()
10 SYSTEMPATH\Boot.php(67): CodeIgniter\Boot::runCodeIgniter(Object(CodeIgniter\CodeIgniter))
11 FCPATH\index.php(56): CodeIgniter\Boot::bootWeb(Object(Config\Paths))
12 SYSTEMPATH\Commands\Server\rewrite.php(49): require_once('C:\\xampp\\htdocs\\VTornos\\public\\index.php')
