CRITICAL - 2024-06-29 17:23:03 --> CodeIgniter\View\Exceptions\ViewException: Invalid file: "layouts/navbarMaster.php"
[Method: GET, Route: categorias-usuarios/list]
in SYSTEMPATH\Exceptions\FrameworkException.php on line 41.
 1 SYSTEMPATH\View\View.php(222): CodeIgniter\Exceptions\FrameworkException::forInvalidFile('layouts/navbarMaster.php')
 2 SYSTEMPATH\Common.php(1171): CodeIgniter\View\View->render('layouts/navbarMaster', [], true)
 3 APPPATH\Controllers\CategoriaUsuarioController.php(18): view('layouts/navbarMaster')
 4 SYSTEMPATH\CodeIgniter.php(933): App\Controllers\CategoriaUsuarioController->list()
 5 SYSTEMPATH\CodeIgniter.php(509): CodeIgniter\CodeIgniter->runController(Object(App\Controllers\CategoriaUsuarioController))
 6 SYSTEMPATH\CodeIgniter.php(355): CodeIgniter\CodeIgniter->handleRequest(null, Object(Config\Cache), false)
 7 SYSTEMPATH\Boot.php(325): CodeIgniter\CodeIgniter->run()
 8 SYSTEMPATH\Boot.php(67): CodeIgniter\Boot::runCodeIgniter(Object(CodeIgniter\CodeIgniter))
 9 FCPATH\index.php(56): CodeIgniter\Boot::bootWeb(Object(Config\Paths))
10 SYSTEMPATH\Commands\Server\rewrite.php(49): require_once('C:\\xampp\\htdocs\\erp-firma\\public\\index.php')
CRITICAL - 2024-06-29 17:30:23 --> CodeIgniter\View\Exceptions\ViewException: Invalid file: "layouts/navbarMaster.php"
[Method: GET, Route: categorias-usuarios/list]
in SYSTEMPATH\Exceptions\FrameworkException.php on line 41.
 1 SYSTEMPATH\View\View.php(222): CodeIgniter\Exceptions\FrameworkException::forInvalidFile('layouts/navbarMaster.php')
 2 SYSTEMPATH\Common.php(1171): CodeIgniter\View\View->render('layouts/navbarMaster', [], true)
 3 APPPATH\Controllers\CategoriaUsuarioController.php(18): view('layouts/navbarMaster')
 4 SYSTEMPATH\CodeIgniter.php(933): App\Controllers\CategoriaUsuarioController->list()
 5 SYSTEMPATH\CodeIgniter.php(509): CodeIgniter\CodeIgniter->runController(Object(App\Controllers\CategoriaUsuarioController))
 6 SYSTEMPATH\CodeIgniter.php(355): CodeIgniter\CodeIgniter->handleRequest(null, Object(Config\Cache), false)
 7 SYSTEMPATH\Boot.php(325): CodeIgniter\CodeIgniter->run()
 8 SYSTEMPATH\Boot.php(67): CodeIgniter\Boot::runCodeIgniter(Object(CodeIgniter\CodeIgniter))
 9 FCPATH\index.php(56): CodeIgniter\Boot::bootWeb(Object(Config\Paths))
10 SYSTEMPATH\Commands\Server\rewrite.php(49): require_once('C:\\xampp\\htdocs\\erp-firma\\public\\index.php')
CRITICAL - 2024-06-29 17:30:30 --> CodeIgniter\View\Exceptions\ViewException: Invalid file: "layouts/navbarMaster.php"
[Method: GET, Route: categorias-usuarios/list]
in SYSTEMPATH\Exceptions\FrameworkException.php on line 41.
 1 SYSTEMPATH\View\View.php(222): CodeIgniter\Exceptions\FrameworkException::forInvalidFile('layouts/navbarMaster.php')
 2 SYSTEMPATH\Common.php(1171): CodeIgniter\View\View->render('layouts/navbarMaster', [], true)
 3 APPPATH\Controllers\CategoriaUsuarioController.php(18): view('layouts/navbarMaster')
 4 SYSTEMPATH\CodeIgniter.php(933): App\Controllers\CategoriaUsuarioController->list()
 5 SYSTEMPATH\CodeIgniter.php(509): CodeIgniter\CodeIgniter->runController(Object(App\Controllers\CategoriaUsuarioController))
 6 SYSTEMPATH\CodeIgniter.php(355): CodeIgniter\CodeIgniter->handleRequest(null, Object(Config\Cache), false)
 7 SYSTEMPATH\Boot.php(325): CodeIgniter\CodeIgniter->run()
 8 SYSTEMPATH\Boot.php(67): CodeIgniter\Boot::runCodeIgniter(Object(CodeIgniter\CodeIgniter))
 9 FCPATH\index.php(56): CodeIgniter\Boot::bootWeb(Object(Config\Paths))
10 SYSTEMPATH\Commands\Server\rewrite.php(49): require_once('C:\\xampp\\htdocs\\erp-firma\\public\\index.php')
