ERROR - 2024-07-28 17:36:57 --> Error connecting to the database: mysqli_sql_exception: Nenhuma conexão pôde ser feita porque a máquina de destino as recusou ativamente in C:\xampp\htdocs\erp-firma\system\Database\MySQLi\Connection.php:187
Stack trace:
#0 C:\xampp\htdocs\erp-firma\system\Database\MySQLi\Connection.php(187): mysqli->real_connect('localhost', 'root', '', 'erp_firma', 3306, '', 0)
#1 C:\xampp\htdocs\erp-firma\system\Database\BaseConnection.php(421): CodeIgniter\Database\MySQLi\Connection->connect(false)
#2 C:\xampp\htdocs\erp-firma\system\Database\BaseConnection.php(614): CodeIgniter\Database\BaseConnection->initialize()
#3 C:\xampp\htdocs\erp-firma\system\Database\BaseConnection.php(1481): CodeIgniter\Database\BaseConnection->query('SHOW TABLES FRO...')
#4 C:\xampp\htdocs\erp-firma\system\Database\BaseConnection.php(1500): CodeIgniter\Database\BaseConnection->listTables()
#5 C:\xampp\htdocs\erp-firma\system\Database\MigrationRunner.php(759): CodeIgniter\Database\BaseConnection->tableExists('migrations')
#6 C:\xampp\htdocs\erp-firma\system\Database\MigrationRunner.php(232): CodeIgniter\Database\MigrationRunner->ensureTable()
#7 C:\xampp\htdocs\erp-firma\system\Commands\Database\MigrateRollback.php(87): CodeIgniter\Database\MigrationRunner->regress(0)
#8 C:\xampp\htdocs\erp-firma\system\CLI\Commands.php(70): CodeIgniter\Commands\Database\MigrateRollback->run(Array)
#9 C:\xampp\htdocs\erp-firma\system\CLI\BaseCommand.php(119): CodeIgniter\CLI\Commands->run('migrate:rollbac...', Array)
#10 C:\xampp\htdocs\erp-firma\system\Commands\Database\MigrateRefresh.php(86): CodeIgniter\CLI\BaseCommand->call('migrate:rollbac...', Array)
#11 C:\xampp\htdocs\erp-firma\system\CLI\Commands.php(70): CodeIgniter\Commands\Database\MigrateRefresh->run(Array)
#12 C:\xampp\htdocs\erp-firma\system\CLI\Console.php(48): CodeIgniter\CLI\Commands->run('migrate:refresh', Array)
#13 C:\xampp\htdocs\erp-firma\system\Boot.php(351): CodeIgniter\CLI\Console->run()
#14 C:\xampp\htdocs\erp-firma\system\Boot.php(104): CodeIgniter\Boot::runCommand(Object(CodeIgniter\CLI\Console))
#15 C:\xampp\htdocs\erp-firma\spark(84): CodeIgniter\Boot::bootSpark(Object(Config\Paths))
#16 {main}

Next CodeIgniter\Database\Exceptions\DatabaseException: Nenhuma conexão pôde ser feita porque a máquina de destino as recusou ativamente in C:\xampp\htdocs\erp-firma\system\Database\MySQLi\Connection.php:231
Stack trace:
#0 C:\xampp\htdocs\erp-firma\system\Database\BaseConnection.php(421): CodeIgniter\Database\MySQLi\Connection->connect(false)
#1 C:\xampp\htdocs\erp-firma\system\Database\BaseConnection.php(614): CodeIgniter\Database\BaseConnection->initialize()
#2 C:\xampp\htdocs\erp-firma\system\Database\BaseConnection.php(1481): CodeIgniter\Database\BaseConnection->query('SHOW TABLES FRO...')
#3 C:\xampp\htdocs\erp-firma\system\Database\BaseConnection.php(1500): CodeIgniter\Database\BaseConnection->listTables()
#4 C:\xampp\htdocs\erp-firma\system\Database\MigrationRunner.php(759): CodeIgniter\Database\BaseConnection->tableExists('migrations')
#5 C:\xampp\htdocs\erp-firma\system\Database\MigrationRunner.php(232): CodeIgniter\Database\MigrationRunner->ensureTable()
#6 C:\xampp\htdocs\erp-firma\system\Commands\Database\MigrateRollback.php(87): CodeIgniter\Database\MigrationRunner->regress(0)
#7 C:\xampp\htdocs\erp-firma\system\CLI\Commands.php(70): CodeIgniter\Commands\Database\MigrateRollback->run(Array)
#8 C:\xampp\htdocs\erp-firma\system\CLI\BaseCommand.php(119): CodeIgniter\CLI\Commands->run('migrate:rollbac...', Array)
#9 C:\xampp\htdocs\erp-firma\system\Commands\Database\MigrateRefresh.php(86): CodeIgniter\CLI\BaseCommand->call('migrate:rollbac...', Array)
#10 C:\xampp\htdocs\erp-firma\system\CLI\Commands.php(70): CodeIgniter\Commands\Database\MigrateRefresh->run(Array)
#11 C:\xampp\htdocs\erp-firma\system\CLI\Console.php(48): CodeIgniter\CLI\Commands->run('migrate:refresh', Array)
#12 C:\xampp\htdocs\erp-firma\system\Boot.php(351): CodeIgniter\CLI\Console->run()
#13 C:\xampp\htdocs\erp-firma\system\Boot.php(104): CodeIgniter\Boot::runCommand(Object(CodeIgniter\CLI\Console))
#14 C:\xampp\htdocs\erp-firma\spark(84): CodeIgniter\Boot::bootSpark(Object(Config\Paths))
#15 {main}
ERROR - 2024-07-28 17:37:01 --> Error connecting to the database: mysqli_sql_exception: Nenhuma conexão pôde ser feita porque a máquina de destino as recusou ativamente in C:\xampp\htdocs\erp-firma\system\Database\MySQLi\Connection.php:187
Stack trace:
#0 C:\xampp\htdocs\erp-firma\system\Database\MySQLi\Connection.php(187): mysqli->real_connect('localhost', 'root', '', 'erp_firma', 3306, '', 0)
#1 C:\xampp\htdocs\erp-firma\system\Database\BaseConnection.php(421): CodeIgniter\Database\MySQLi\Connection->connect(false)
#2 C:\xampp\htdocs\erp-firma\system\Database\BaseConnection.php(614): CodeIgniter\Database\BaseConnection->initialize()
#3 C:\xampp\htdocs\erp-firma\system\Database\BaseConnection.php(1481): CodeIgniter\Database\BaseConnection->query('SHOW TABLES FRO...')
#4 C:\xampp\htdocs\erp-firma\system\Database\BaseConnection.php(1500): CodeIgniter\Database\BaseConnection->listTables()
#5 C:\xampp\htdocs\erp-firma\system\Database\MigrationRunner.php(759): CodeIgniter\Database\BaseConnection->tableExists('migrations')
#6 C:\xampp\htdocs\erp-firma\system\Database\MigrationRunner.php(163): CodeIgniter\Database\MigrationRunner->ensureTable()
#7 C:\xampp\htdocs\erp-firma\system\Commands\Database\Migrate.php(85): CodeIgniter\Database\MigrationRunner->latest(NULL)
#8 C:\xampp\htdocs\erp-firma\system\CLI\Commands.php(70): CodeIgniter\Commands\Database\Migrate->run(Array)
#9 C:\xampp\htdocs\erp-firma\system\CLI\BaseCommand.php(119): CodeIgniter\CLI\Commands->run('migrate', Array)
#10 C:\xampp\htdocs\erp-firma\system\Commands\Database\MigrateRefresh.php(87): CodeIgniter\CLI\BaseCommand->call('migrate', Array)
#11 C:\xampp\htdocs\erp-firma\system\CLI\Commands.php(70): CodeIgniter\Commands\Database\MigrateRefresh->run(Array)
#12 C:\xampp\htdocs\erp-firma\system\CLI\Console.php(48): CodeIgniter\CLI\Commands->run('migrate:refresh', Array)
#13 C:\xampp\htdocs\erp-firma\system\Boot.php(351): CodeIgniter\CLI\Console->run()
#14 C:\xampp\htdocs\erp-firma\system\Boot.php(104): CodeIgniter\Boot::runCommand(Object(CodeIgniter\CLI\Console))
#15 C:\xampp\htdocs\erp-firma\spark(84): CodeIgniter\Boot::bootSpark(Object(Config\Paths))
#16 {main}

Next CodeIgniter\Database\Exceptions\DatabaseException: Nenhuma conexão pôde ser feita porque a máquina de destino as recusou ativamente in C:\xampp\htdocs\erp-firma\system\Database\MySQLi\Connection.php:231
Stack trace:
#0 C:\xampp\htdocs\erp-firma\system\Database\BaseConnection.php(421): CodeIgniter\Database\MySQLi\Connection->connect(false)
#1 C:\xampp\htdocs\erp-firma\system\Database\BaseConnection.php(614): CodeIgniter\Database\BaseConnection->initialize()
#2 C:\xampp\htdocs\erp-firma\system\Database\BaseConnection.php(1481): CodeIgniter\Database\BaseConnection->query('SHOW TABLES FRO...')
#3 C:\xampp\htdocs\erp-firma\system\Database\BaseConnection.php(1500): CodeIgniter\Database\BaseConnection->listTables()
#4 C:\xampp\htdocs\erp-firma\system\Database\MigrationRunner.php(759): CodeIgniter\Database\BaseConnection->tableExists('migrations')
#5 C:\xampp\htdocs\erp-firma\system\Database\MigrationRunner.php(163): CodeIgniter\Database\MigrationRunner->ensureTable()
#6 C:\xampp\htdocs\erp-firma\system\Commands\Database\Migrate.php(85): CodeIgniter\Database\MigrationRunner->latest(NULL)
#7 C:\xampp\htdocs\erp-firma\system\CLI\Commands.php(70): CodeIgniter\Commands\Database\Migrate->run(Array)
#8 C:\xampp\htdocs\erp-firma\system\CLI\BaseCommand.php(119): CodeIgniter\CLI\Commands->run('migrate', Array)
#9 C:\xampp\htdocs\erp-firma\system\Commands\Database\MigrateRefresh.php(87): CodeIgniter\CLI\BaseCommand->call('migrate', Array)
#10 C:\xampp\htdocs\erp-firma\system\CLI\Commands.php(70): CodeIgniter\Commands\Database\MigrateRefresh->run(Array)
#11 C:\xampp\htdocs\erp-firma\system\CLI\Console.php(48): CodeIgniter\CLI\Commands->run('migrate:refresh', Array)
#12 C:\xampp\htdocs\erp-firma\system\Boot.php(351): CodeIgniter\CLI\Console->run()
#13 C:\xampp\htdocs\erp-firma\system\Boot.php(104): CodeIgniter\Boot::runCommand(Object(CodeIgniter\CLI\Console))
#14 C:\xampp\htdocs\erp-firma\spark(84): CodeIgniter\Boot::bootSpark(Object(Config\Paths))
#15 {main}
ERROR - 2024-07-28 17:37:24 --> mysqli_sql_exception: Can't create table `erp_firma`.`modelo_maquinario` (errno: 150 "Foreign key constraint is incorrectly formed") in C:\xampp\htdocs\erp-firma\system\Database\MySQLi\Connection.php:310
Stack trace:
#0 C:\xampp\htdocs\erp-firma\system\Database\MySQLi\Connection.php(310): mysqli->query('CREATE TABLE `m...', 0)
#1 C:\xampp\htdocs\erp-firma\system\Database\BaseConnection.php(732): CodeIgniter\Database\MySQLi\Connection->execute('CREATE TABLE `m...')
#2 C:\xampp\htdocs\erp-firma\system\Database\BaseConnection.php(646): CodeIgniter\Database\BaseConnection->simpleQuery('CREATE TABLE `m...')
#3 C:\xampp\htdocs\erp-firma\system\Database\Forge.php(570): CodeIgniter\Database\BaseConnection->query('CREATE TABLE `m...')
#4 C:\xampp\htdocs\erp-firma\app\Database\Migrations\2024-07-28-201838_ModeloMaquinario.php(42): CodeIgniter\Database\Forge->createTable('modelo_maquinar...')
#5 C:\xampp\htdocs\erp-firma\system\Database\MigrationRunner.php(867): App\Database\Migrations\ModeloMaquinario->up()
#6 C:\xampp\htdocs\erp-firma\system\Database\MigrationRunner.php(183): CodeIgniter\Database\MigrationRunner->migrate('up', Object(stdClass))
#7 C:\xampp\htdocs\erp-firma\system\Commands\Database\Migrate.php(85): CodeIgniter\Database\MigrationRunner->latest(NULL)
#8 C:\xampp\htdocs\erp-firma\system\CLI\Commands.php(70): CodeIgniter\Commands\Database\Migrate->run(Array)
#9 C:\xampp\htdocs\erp-firma\system\CLI\BaseCommand.php(119): CodeIgniter\CLI\Commands->run('migrate', Array)
#10 C:\xampp\htdocs\erp-firma\system\Commands\Database\MigrateRefresh.php(87): CodeIgniter\CLI\BaseCommand->call('migrate', Array)
#11 C:\xampp\htdocs\erp-firma\system\CLI\Commands.php(70): CodeIgniter\Commands\Database\MigrateRefresh->run(Array)
#12 C:\xampp\htdocs\erp-firma\system\CLI\Console.php(48): CodeIgniter\CLI\Commands->run('migrate:refresh', Array)
#13 C:\xampp\htdocs\erp-firma\system\Boot.php(351): CodeIgniter\CLI\Console->run()
#14 C:\xampp\htdocs\erp-firma\system\Boot.php(104): CodeIgniter\Boot::runCommand(Object(CodeIgniter\CLI\Console))
#15 C:\xampp\htdocs\erp-firma\spark(84): CodeIgniter\Boot::bootSpark(Object(Config\Paths))
#16 {main}
