INFO - 2024-09-30 11:55:56 --> Session: Class initialized using 'CodeIgniter\Session\Handlers\FileHandler' driver.
INFO - 2024-09-30 11:55:56 --> Session: Class initialized using 'CodeIgniter\Session\Handlers\FileHandler' driver.
INFO - 2024-09-30 11:55:59 --> Session: Class initialized using 'CodeIgniter\Session\Handlers\FileHandler' driver.
INFO - 2024-09-30 11:56:00 --> Session: Class initialized using 'CodeIgniter\Session\Handlers\FileHandler' driver.
INFO - 2024-09-30 11:56:05 --> Session: Class initialized using 'CodeIgniter\Session\Handlers\FileHandler' driver.
INFO - 2024-09-30 11:56:14 --> Session: Class initialized using 'CodeIgniter\Session\Handlers\FileHandler' driver.
ERROR - 2024-09-30 11:56:14 --> mysqli_sql_exception: Not unique table/alias: 'on' in C:\xampp\htdocs\erp-firma\system\Database\MySQLi\Connection.php:310
Stack trace:
#0 C:\xampp\htdocs\erp-firma\system\Database\MySQLi\Connection.php(310): mysqli->query('SELECT `mm`.`id...', 0)
#1 C:\xampp\htdocs\erp-firma\system\Database\BaseConnection.php(732): CodeIgniter\Database\MySQLi\Connection->execute('SELECT `mm`.`id...')
#2 C:\xampp\htdocs\erp-firma\system\Database\BaseConnection.php(646): CodeIgniter\Database\BaseConnection->simpleQuery('SELECT `mm`.`id...')
#3 C:\xampp\htdocs\erp-firma\system\Database\BaseBuilder.php(1637): CodeIgniter\Database\BaseConnection->query('SELECT `mm`.`id...', Array, false)
#4 C:\xampp\htdocs\erp-firma\system\Model.php(286): CodeIgniter\Database\BaseBuilder->get()
#5 C:\xampp\htdocs\erp-firma\system\BaseModel.php(676): CodeIgniter\Model->doFindAll(0, 0)
#6 C:\xampp\htdocs\erp-firma\app\Controllers\ModeloMaquinarioController.php(52): CodeIgniter\BaseModel->findAll()
#7 C:\xampp\htdocs\erp-firma\system\CodeIgniter.php(933): App\Controllers\ModeloMaquinarioController->listar()
#8 C:\xampp\htdocs\erp-firma\system\CodeIgniter.php(509): CodeIgniter\CodeIgniter->runController(Object(App\Controllers\ModeloMaquinarioController))
#9 C:\xampp\htdocs\erp-firma\system\CodeIgniter.php(355): CodeIgniter\CodeIgniter->handleRequest(NULL, Object(Config\Cache), false)
#10 C:\xampp\htdocs\erp-firma\system\Boot.php(325): CodeIgniter\CodeIgniter->run()
#11 C:\xampp\htdocs\erp-firma\system\Boot.php(67): CodeIgniter\Boot::runCodeIgniter(Object(CodeIgniter\CodeIgniter))
#12 C:\xampp\htdocs\erp-firma\public\index.php(56): CodeIgniter\Boot::bootWeb(Object(Config\Paths))
#13 C:\xampp\htdocs\erp-firma\system\Commands\Server\rewrite.php(49): require_once('C:\\xampp\\htdocs...')
#14 {main}
CRITICAL - 2024-09-30 11:56:14 --> CodeIgniter\Database\Exceptions\DatabaseException: Not unique table/alias: 'on'
[Method: GET, Route: modelo-maquinario/listar]
in SYSTEMPATH\Database\BaseConnection.php on line 686.
 1 SYSTEMPATH\Database\BaseBuilder.php(1637): CodeIgniter\Database\BaseConnection->query('SELECT `mm`.`idModeloMaquinario` as `idModelo`, `mm`.`nome` as `modelo`, `cm`.`idCategoriaMaquinario` as `idCategoria`, `cm`.`nome` as `categoria`, `ma`.`idMarca` as `idMarca`, `ma`.`nome` as `marca`
FROM `modelo_maquinario`
INNER JOIN `categoria_maquinario cm` `on` ON `mm`.`idCategoriaMaquinario`=`cm`.`idCategoriaMaquinario`
INNER JOIN `marca ma` `on` ON `mm`.`idMarca`=`ma`.`idMarca`', [], false)
 2 SYSTEMPATH\Model.php(286): CodeIgniter\Database\BaseBuilder->get()
 3 SYSTEMPATH\BaseModel.php(676): CodeIgniter\Model->doFindAll(0, 0)
 4 APPPATH\Controllers\ModeloMaquinarioController.php(52): CodeIgniter\BaseModel->findAll()
 5 SYSTEMPATH\CodeIgniter.php(933): App\Controllers\ModeloMaquinarioController->listar()
 6 SYSTEMPATH\CodeIgniter.php(509): CodeIgniter\CodeIgniter->runController(Object(App\Controllers\ModeloMaquinarioController))
 7 SYSTEMPATH\CodeIgniter.php(355): CodeIgniter\CodeIgniter->handleRequest(null, Object(Config\Cache), false)
 8 SYSTEMPATH\Boot.php(325): CodeIgniter\CodeIgniter->run()
 9 SYSTEMPATH\Boot.php(67): CodeIgniter\Boot::runCodeIgniter(Object(CodeIgniter\CodeIgniter))
10 FCPATH\index.php(56): CodeIgniter\Boot::bootWeb(Object(Config\Paths))
11 SYSTEMPATH\Commands\Server\rewrite.php(49): require_once('C:\\xampp\\htdocs\\erp-firma\\public\\index.php')
CRITICAL - 2024-09-30 11:56:14 --> [Caused by] CodeIgniter\Database\Exceptions\DatabaseException: Not unique table/alias: 'on'
in SYSTEMPATH\Database\MySQLi\Connection.php on line 315.
 1 SYSTEMPATH\Database\BaseConnection.php(732): CodeIgniter\Database\MySQLi\Connection->execute('SELECT `mm`.`idModeloMaquinario` as `idModelo`, `mm`.`nome` as `modelo`, `cm`.`idCategoriaMaquinario` as `idCategoria`, `cm`.`nome` as `categoria`, `ma`.`idMarca` as `idMarca`, `ma`.`nome` as `marca`
FROM `modelo_maquinario`
INNER JOIN `categoria_maquinario cm` `on` ON `mm`.`idCategoriaMaquinario`=`cm`.`idCategoriaMaquinario`
INNER JOIN `marca ma` `on` ON `mm`.`idMarca`=`ma`.`idMarca`')
 2 SYSTEMPATH\Database\BaseConnection.php(646): CodeIgniter\Database\BaseConnection->simpleQuery('SELECT `mm`.`idModeloMaquinario` as `idModelo`, `mm`.`nome` as `modelo`, `cm`.`idCategoriaMaquinario` as `idCategoria`, `cm`.`nome` as `categoria`, `ma`.`idMarca` as `idMarca`, `ma`.`nome` as `marca`
FROM `modelo_maquinario`
INNER JOIN `categoria_maquinario cm` `on` ON `mm`.`idCategoriaMaquinario`=`cm`.`idCategoriaMaquinario`
INNER JOIN `marca ma` `on` ON `mm`.`idMarca`=`ma`.`idMarca`')
 3 SYSTEMPATH\Database\BaseBuilder.php(1637): CodeIgniter\Database\BaseConnection->query('SELECT `mm`.`idModeloMaquinario` as `idModelo`, `mm`.`nome` as `modelo`, `cm`.`idCategoriaMaquinario` as `idCategoria`, `cm`.`nome` as `categoria`, `ma`.`idMarca` as `idMarca`, `ma`.`nome` as `marca`
FROM `modelo_maquinario`
INNER JOIN `categoria_maquinario cm` `on` ON `mm`.`idCategoriaMaquinario`=`cm`.`idCategoriaMaquinario`
INNER JOIN `marca ma` `on` ON `mm`.`idMarca`=`ma`.`idMarca`', [], false)
 4 SYSTEMPATH\Model.php(286): CodeIgniter\Database\BaseBuilder->get()
 5 SYSTEMPATH\BaseModel.php(676): CodeIgniter\Model->doFindAll(0, 0)
 6 APPPATH\Controllers\ModeloMaquinarioController.php(52): CodeIgniter\BaseModel->findAll()
 7 SYSTEMPATH\CodeIgniter.php(933): App\Controllers\ModeloMaquinarioController->listar()
 8 SYSTEMPATH\CodeIgniter.php(509): CodeIgniter\CodeIgniter->runController(Object(App\Controllers\ModeloMaquinarioController))
 9 SYSTEMPATH\CodeIgniter.php(355): CodeIgniter\CodeIgniter->handleRequest(null, Object(Config\Cache), false)
10 SYSTEMPATH\Boot.php(325): CodeIgniter\CodeIgniter->run()
11 SYSTEMPATH\Boot.php(67): CodeIgniter\Boot::runCodeIgniter(Object(CodeIgniter\CodeIgniter))
12 FCPATH\index.php(56): CodeIgniter\Boot::bootWeb(Object(Config\Paths))
13 SYSTEMPATH\Commands\Server\rewrite.php(49): require_once('C:\\xampp\\htdocs\\erp-firma\\public\\index.php')
CRITICAL - 2024-09-30 11:56:14 --> [Caused by] mysqli_sql_exception: Not unique table/alias: 'on'
in SYSTEMPATH\Database\MySQLi\Connection.php on line 310.
 1 SYSTEMPATH\Database\MySQLi\Connection.php(310): mysqli->query('SELECT `mm`.`idModeloMaquinario` as `idModelo`, `mm`.`nome` as `modelo`, `cm`.`idCategoriaMaquinario` as `idCategoria`, `cm`.`nome` as `categoria`, `ma`.`idMarca` as `idMarca`, `ma`.`nome` as `marca`
FROM `modelo_maquinario`
INNER JOIN `categoria_maquinario cm` `on` ON `mm`.`idCategoriaMaquinario`=`cm`.`idCategoriaMaquinario`
INNER JOIN `marca ma` `on` ON `mm`.`idMarca`=`ma`.`idMarca`', 0)
 2 SYSTEMPATH\Database\BaseConnection.php(732): CodeIgniter\Database\MySQLi\Connection->execute('SELECT `mm`.`idModeloMaquinario` as `idModelo`, `mm`.`nome` as `modelo`, `cm`.`idCategoriaMaquinario` as `idCategoria`, `cm`.`nome` as `categoria`, `ma`.`idMarca` as `idMarca`, `ma`.`nome` as `marca`
FROM `modelo_maquinario`
INNER JOIN `categoria_maquinario cm` `on` ON `mm`.`idCategoriaMaquinario`=`cm`.`idCategoriaMaquinario`
INNER JOIN `marca ma` `on` ON `mm`.`idMarca`=`ma`.`idMarca`')
 3 SYSTEMPATH\Database\BaseConnection.php(646): CodeIgniter\Database\BaseConnection->simpleQuery('SELECT `mm`.`idModeloMaquinario` as `idModelo`, `mm`.`nome` as `modelo`, `cm`.`idCategoriaMaquinario` as `idCategoria`, `cm`.`nome` as `categoria`, `ma`.`idMarca` as `idMarca`, `ma`.`nome` as `marca`
FROM `modelo_maquinario`
INNER JOIN `categoria_maquinario cm` `on` ON `mm`.`idCategoriaMaquinario`=`cm`.`idCategoriaMaquinario`
INNER JOIN `marca ma` `on` ON `mm`.`idMarca`=`ma`.`idMarca`')
 4 SYSTEMPATH\Database\BaseBuilder.php(1637): CodeIgniter\Database\BaseConnection->query('SELECT `mm`.`idModeloMaquinario` as `idModelo`, `mm`.`nome` as `modelo`, `cm`.`idCategoriaMaquinario` as `idCategoria`, `cm`.`nome` as `categoria`, `ma`.`idMarca` as `idMarca`, `ma`.`nome` as `marca`
FROM `modelo_maquinario`
INNER JOIN `categoria_maquinario cm` `on` ON `mm`.`idCategoriaMaquinario`=`cm`.`idCategoriaMaquinario`
INNER JOIN `marca ma` `on` ON `mm`.`idMarca`=`ma`.`idMarca`', [], false)
 5 SYSTEMPATH\Model.php(286): CodeIgniter\Database\BaseBuilder->get()
 6 SYSTEMPATH\BaseModel.php(676): CodeIgniter\Model->doFindAll(0, 0)
 7 APPPATH\Controllers\ModeloMaquinarioController.php(52): CodeIgniter\BaseModel->findAll()
 8 SYSTEMPATH\CodeIgniter.php(933): App\Controllers\ModeloMaquinarioController->listar()
 9 SYSTEMPATH\CodeIgniter.php(509): CodeIgniter\CodeIgniter->runController(Object(App\Controllers\ModeloMaquinarioController))
10 SYSTEMPATH\CodeIgniter.php(355): CodeIgniter\CodeIgniter->handleRequest(null, Object(Config\Cache), false)
11 SYSTEMPATH\Boot.php(325): CodeIgniter\CodeIgniter->run()
12 SYSTEMPATH\Boot.php(67): CodeIgniter\Boot::runCodeIgniter(Object(CodeIgniter\CodeIgniter))
13 FCPATH\index.php(56): CodeIgniter\Boot::bootWeb(Object(Config\Paths))
14 SYSTEMPATH\Commands\Server\rewrite.php(49): require_once('C:\\xampp\\htdocs\\erp-firma\\public\\index.php')
INFO - 2024-09-30 11:56:39 --> Session: Class initialized using 'CodeIgniter\Session\Handlers\FileHandler' driver.
ERROR - 2024-09-30 11:56:39 --> mysqli_sql_exception: Unknown column 'mm.idModeloMaquinario' in 'field list' in C:\xampp\htdocs\erp-firma\system\Database\MySQLi\Connection.php:310
Stack trace:
#0 C:\xampp\htdocs\erp-firma\system\Database\MySQLi\Connection.php(310): mysqli->query('SELECT `mm`.`id...', 0)
#1 C:\xampp\htdocs\erp-firma\system\Database\BaseConnection.php(732): CodeIgniter\Database\MySQLi\Connection->execute('SELECT `mm`.`id...')
#2 C:\xampp\htdocs\erp-firma\system\Database\BaseConnection.php(646): CodeIgniter\Database\BaseConnection->simpleQuery('SELECT `mm`.`id...')
#3 C:\xampp\htdocs\erp-firma\system\Database\BaseBuilder.php(1637): CodeIgniter\Database\BaseConnection->query('SELECT `mm`.`id...', Array, false)
#4 C:\xampp\htdocs\erp-firma\system\Model.php(286): CodeIgniter\Database\BaseBuilder->get()
#5 C:\xampp\htdocs\erp-firma\system\BaseModel.php(676): CodeIgniter\Model->doFindAll(0, 0)
#6 C:\xampp\htdocs\erp-firma\app\Controllers\ModeloMaquinarioController.php(52): CodeIgniter\BaseModel->findAll()
#7 C:\xampp\htdocs\erp-firma\system\CodeIgniter.php(933): App\Controllers\ModeloMaquinarioController->listar()
#8 C:\xampp\htdocs\erp-firma\system\CodeIgniter.php(509): CodeIgniter\CodeIgniter->runController(Object(App\Controllers\ModeloMaquinarioController))
#9 C:\xampp\htdocs\erp-firma\system\CodeIgniter.php(355): CodeIgniter\CodeIgniter->handleRequest(NULL, Object(Config\Cache), false)
#10 C:\xampp\htdocs\erp-firma\system\Boot.php(325): CodeIgniter\CodeIgniter->run()
#11 C:\xampp\htdocs\erp-firma\system\Boot.php(67): CodeIgniter\Boot::runCodeIgniter(Object(CodeIgniter\CodeIgniter))
#12 C:\xampp\htdocs\erp-firma\public\index.php(56): CodeIgniter\Boot::bootWeb(Object(Config\Paths))
#13 C:\xampp\htdocs\erp-firma\system\Commands\Server\rewrite.php(49): require_once('C:\\xampp\\htdocs...')
#14 {main}
CRITICAL - 2024-09-30 11:56:39 --> CodeIgniter\Database\Exceptions\DatabaseException: Unknown column 'mm.idModeloMaquinario' in 'field list'
[Method: GET, Route: modelo-maquinario/listar]
in SYSTEMPATH\Database\BaseConnection.php on line 686.
 1 SYSTEMPATH\Database\BaseBuilder.php(1637): CodeIgniter\Database\BaseConnection->query('SELECT `mm`.`idModeloMaquinario` as `idModelo`, `mm`.`nome` as `modelo`, `cm`.`idCategoriaMaquinario` as `idCategoria`, `cm`.`nome` as `categoria`, `ma`.`idMarca` as `idMarca`, `ma`.`nome` as `marca`
FROM `modelo_maquinario`
INNER JOIN `categoria_maquinario` `cm` ON `mm`.`idCategoriaMaquinario`=`cm`.`idCategoriaMaquinario`
INNER JOIN `marca` `ma` ON `mm`.`idMarca`=`ma`.`idMarca`', [], false)
 2 SYSTEMPATH\Model.php(286): CodeIgniter\Database\BaseBuilder->get()
 3 SYSTEMPATH\BaseModel.php(676): CodeIgniter\Model->doFindAll(0, 0)
 4 APPPATH\Controllers\ModeloMaquinarioController.php(52): CodeIgniter\BaseModel->findAll()
 5 SYSTEMPATH\CodeIgniter.php(933): App\Controllers\ModeloMaquinarioController->listar()
 6 SYSTEMPATH\CodeIgniter.php(509): CodeIgniter\CodeIgniter->runController(Object(App\Controllers\ModeloMaquinarioController))
 7 SYSTEMPATH\CodeIgniter.php(355): CodeIgniter\CodeIgniter->handleRequest(null, Object(Config\Cache), false)
 8 SYSTEMPATH\Boot.php(325): CodeIgniter\CodeIgniter->run()
 9 SYSTEMPATH\Boot.php(67): CodeIgniter\Boot::runCodeIgniter(Object(CodeIgniter\CodeIgniter))
10 FCPATH\index.php(56): CodeIgniter\Boot::bootWeb(Object(Config\Paths))
11 SYSTEMPATH\Commands\Server\rewrite.php(49): require_once('C:\\xampp\\htdocs\\erp-firma\\public\\index.php')
CRITICAL - 2024-09-30 11:56:39 --> [Caused by] CodeIgniter\Database\Exceptions\DatabaseException: Unknown column 'mm.idModeloMaquinario' in 'field list'
in SYSTEMPATH\Database\MySQLi\Connection.php on line 315.
 1 SYSTEMPATH\Database\BaseConnection.php(732): CodeIgniter\Database\MySQLi\Connection->execute('SELECT `mm`.`idModeloMaquinario` as `idModelo`, `mm`.`nome` as `modelo`, `cm`.`idCategoriaMaquinario` as `idCategoria`, `cm`.`nome` as `categoria`, `ma`.`idMarca` as `idMarca`, `ma`.`nome` as `marca`
FROM `modelo_maquinario`
INNER JOIN `categoria_maquinario` `cm` ON `mm`.`idCategoriaMaquinario`=`cm`.`idCategoriaMaquinario`
INNER JOIN `marca` `ma` ON `mm`.`idMarca`=`ma`.`idMarca`')
 2 SYSTEMPATH\Database\BaseConnection.php(646): CodeIgniter\Database\BaseConnection->simpleQuery('SELECT `mm`.`idModeloMaquinario` as `idModelo`, `mm`.`nome` as `modelo`, `cm`.`idCategoriaMaquinario` as `idCategoria`, `cm`.`nome` as `categoria`, `ma`.`idMarca` as `idMarca`, `ma`.`nome` as `marca`
FROM `modelo_maquinario`
INNER JOIN `categoria_maquinario` `cm` ON `mm`.`idCategoriaMaquinario`=`cm`.`idCategoriaMaquinario`
INNER JOIN `marca` `ma` ON `mm`.`idMarca`=`ma`.`idMarca`')
 3 SYSTEMPATH\Database\BaseBuilder.php(1637): CodeIgniter\Database\BaseConnection->query('SELECT `mm`.`idModeloMaquinario` as `idModelo`, `mm`.`nome` as `modelo`, `cm`.`idCategoriaMaquinario` as `idCategoria`, `cm`.`nome` as `categoria`, `ma`.`idMarca` as `idMarca`, `ma`.`nome` as `marca`
FROM `modelo_maquinario`
INNER JOIN `categoria_maquinario` `cm` ON `mm`.`idCategoriaMaquinario`=`cm`.`idCategoriaMaquinario`
INNER JOIN `marca` `ma` ON `mm`.`idMarca`=`ma`.`idMarca`', [], false)
 4 SYSTEMPATH\Model.php(286): CodeIgniter\Database\BaseBuilder->get()
 5 SYSTEMPATH\BaseModel.php(676): CodeIgniter\Model->doFindAll(0, 0)
 6 APPPATH\Controllers\ModeloMaquinarioController.php(52): CodeIgniter\BaseModel->findAll()
 7 SYSTEMPATH\CodeIgniter.php(933): App\Controllers\ModeloMaquinarioController->listar()
 8 SYSTEMPATH\CodeIgniter.php(509): CodeIgniter\CodeIgniter->runController(Object(App\Controllers\ModeloMaquinarioController))
 9 SYSTEMPATH\CodeIgniter.php(355): CodeIgniter\CodeIgniter->handleRequest(null, Object(Config\Cache), false)
10 SYSTEMPATH\Boot.php(325): CodeIgniter\CodeIgniter->run()
11 SYSTEMPATH\Boot.php(67): CodeIgniter\Boot::runCodeIgniter(Object(CodeIgniter\CodeIgniter))
12 FCPATH\index.php(56): CodeIgniter\Boot::bootWeb(Object(Config\Paths))
13 SYSTEMPATH\Commands\Server\rewrite.php(49): require_once('C:\\xampp\\htdocs\\erp-firma\\public\\index.php')
CRITICAL - 2024-09-30 11:56:39 --> [Caused by] mysqli_sql_exception: Unknown column 'mm.idModeloMaquinario' in 'field list'
in SYSTEMPATH\Database\MySQLi\Connection.php on line 310.
 1 SYSTEMPATH\Database\MySQLi\Connection.php(310): mysqli->query('SELECT `mm`.`idModeloMaquinario` as `idModelo`, `mm`.`nome` as `modelo`, `cm`.`idCategoriaMaquinario` as `idCategoria`, `cm`.`nome` as `categoria`, `ma`.`idMarca` as `idMarca`, `ma`.`nome` as `marca`
FROM `modelo_maquinario`
INNER JOIN `categoria_maquinario` `cm` ON `mm`.`idCategoriaMaquinario`=`cm`.`idCategoriaMaquinario`
INNER JOIN `marca` `ma` ON `mm`.`idMarca`=`ma`.`idMarca`', 0)
 2 SYSTEMPATH\Database\BaseConnection.php(732): CodeIgniter\Database\MySQLi\Connection->execute('SELECT `mm`.`idModeloMaquinario` as `idModelo`, `mm`.`nome` as `modelo`, `cm`.`idCategoriaMaquinario` as `idCategoria`, `cm`.`nome` as `categoria`, `ma`.`idMarca` as `idMarca`, `ma`.`nome` as `marca`
FROM `modelo_maquinario`
INNER JOIN `categoria_maquinario` `cm` ON `mm`.`idCategoriaMaquinario`=`cm`.`idCategoriaMaquinario`
INNER JOIN `marca` `ma` ON `mm`.`idMarca`=`ma`.`idMarca`')
 3 SYSTEMPATH\Database\BaseConnection.php(646): CodeIgniter\Database\BaseConnection->simpleQuery('SELECT `mm`.`idModeloMaquinario` as `idModelo`, `mm`.`nome` as `modelo`, `cm`.`idCategoriaMaquinario` as `idCategoria`, `cm`.`nome` as `categoria`, `ma`.`idMarca` as `idMarca`, `ma`.`nome` as `marca`
FROM `modelo_maquinario`
INNER JOIN `categoria_maquinario` `cm` ON `mm`.`idCategoriaMaquinario`=`cm`.`idCategoriaMaquinario`
INNER JOIN `marca` `ma` ON `mm`.`idMarca`=`ma`.`idMarca`')
 4 SYSTEMPATH\Database\BaseBuilder.php(1637): CodeIgniter\Database\BaseConnection->query('SELECT `mm`.`idModeloMaquinario` as `idModelo`, `mm`.`nome` as `modelo`, `cm`.`idCategoriaMaquinario` as `idCategoria`, `cm`.`nome` as `categoria`, `ma`.`idMarca` as `idMarca`, `ma`.`nome` as `marca`
FROM `modelo_maquinario`
INNER JOIN `categoria_maquinario` `cm` ON `mm`.`idCategoriaMaquinario`=`cm`.`idCategoriaMaquinario`
INNER JOIN `marca` `ma` ON `mm`.`idMarca`=`ma`.`idMarca`', [], false)
 5 SYSTEMPATH\Model.php(286): CodeIgniter\Database\BaseBuilder->get()
 6 SYSTEMPATH\BaseModel.php(676): CodeIgniter\Model->doFindAll(0, 0)
 7 APPPATH\Controllers\ModeloMaquinarioController.php(52): CodeIgniter\BaseModel->findAll()
 8 SYSTEMPATH\CodeIgniter.php(933): App\Controllers\ModeloMaquinarioController->listar()
 9 SYSTEMPATH\CodeIgniter.php(509): CodeIgniter\CodeIgniter->runController(Object(App\Controllers\ModeloMaquinarioController))
10 SYSTEMPATH\CodeIgniter.php(355): CodeIgniter\CodeIgniter->handleRequest(null, Object(Config\Cache), false)
11 SYSTEMPATH\Boot.php(325): CodeIgniter\CodeIgniter->run()
12 SYSTEMPATH\Boot.php(67): CodeIgniter\Boot::runCodeIgniter(Object(CodeIgniter\CodeIgniter))
13 FCPATH\index.php(56): CodeIgniter\Boot::bootWeb(Object(Config\Paths))
14 SYSTEMPATH\Commands\Server\rewrite.php(49): require_once('C:\\xampp\\htdocs\\erp-firma\\public\\index.php')
INFO - 2024-09-30 11:57:12 --> Session: Class initialized using 'CodeIgniter\Session\Handlers\FileHandler' driver.
INFO - 2024-09-30 11:58:44 --> Session: Class initialized using 'CodeIgniter\Session\Handlers\FileHandler' driver.
INFO - 2024-09-30 11:58:46 --> Session: Class initialized using 'CodeIgniter\Session\Handlers\FileHandler' driver.
INFO - 2024-09-30 11:59:13 --> Session: Class initialized using 'CodeIgniter\Session\Handlers\FileHandler' driver.
ERROR - 2024-09-30 11:59:13 --> mysqli_sql_exception: Unknown column 'mm.idCategoriaMaquinario' in 'on clause' in C:\xampp\htdocs\erp-firma\system\Database\MySQLi\Connection.php:310
Stack trace:
#0 C:\xampp\htdocs\erp-firma\system\Database\MySQLi\Connection.php(310): mysqli->query('SELECT `modelo_...', 0)
#1 C:\xampp\htdocs\erp-firma\system\Database\BaseConnection.php(732): CodeIgniter\Database\MySQLi\Connection->execute('SELECT `modelo_...')
#2 C:\xampp\htdocs\erp-firma\system\Database\BaseConnection.php(646): CodeIgniter\Database\BaseConnection->simpleQuery('SELECT `modelo_...')
#3 C:\xampp\htdocs\erp-firma\system\Database\BaseBuilder.php(1637): CodeIgniter\Database\BaseConnection->query('SELECT `modelo_...', Array, false)
#4 C:\xampp\htdocs\erp-firma\system\Model.php(213): CodeIgniter\Database\BaseBuilder->get()
#5 C:\xampp\htdocs\erp-firma\system\BaseModel.php(610): CodeIgniter\Model->doFind(false, NULL)
#6 C:\xampp\htdocs\erp-firma\app\Controllers\ModeloMaquinarioController.php(52): CodeIgniter\BaseModel->find()
#7 C:\xampp\htdocs\erp-firma\system\CodeIgniter.php(933): App\Controllers\ModeloMaquinarioController->listar()
#8 C:\xampp\htdocs\erp-firma\system\CodeIgniter.php(509): CodeIgniter\CodeIgniter->runController(Object(App\Controllers\ModeloMaquinarioController))
#9 C:\xampp\htdocs\erp-firma\system\CodeIgniter.php(355): CodeIgniter\CodeIgniter->handleRequest(NULL, Object(Config\Cache), false)
#10 C:\xampp\htdocs\erp-firma\system\Boot.php(325): CodeIgniter\CodeIgniter->run()
#11 C:\xampp\htdocs\erp-firma\system\Boot.php(67): CodeIgniter\Boot::runCodeIgniter(Object(CodeIgniter\CodeIgniter))
#12 C:\xampp\htdocs\erp-firma\public\index.php(56): CodeIgniter\Boot::bootWeb(Object(Config\Paths))
#13 C:\xampp\htdocs\erp-firma\system\Commands\Server\rewrite.php(49): require_once('C:\\xampp\\htdocs...')
#14 {main}
CRITICAL - 2024-09-30 11:59:13 --> CodeIgniter\Database\Exceptions\DatabaseException: Unknown column 'mm.idCategoriaMaquinario' in 'on clause'
[Method: GET, Route: modelo-maquinario/listar]
in SYSTEMPATH\Database\BaseConnection.php on line 686.
 1 SYSTEMPATH\Database\BaseBuilder.php(1637): CodeIgniter\Database\BaseConnection->query('SELECT `modelo_maquinario`.`idModeloMaquinario` as `idModelo`, `modelo_maquinario`.`nome` as `modelo`, `cm`.`idCategoriaMaquinario` as `idCategoria`, `cm`.`nome` as `categoria`, `ma`.`idMarca` as `idMarca`, `ma`.`nome` as `marca`
FROM `modelo_maquinario`
INNER JOIN `categoria_maquinario` `cm` ON `mm`.`idCategoriaMaquinario`=`cm`.`idCategoriaMaquinario`
INNER JOIN `marca` `ma` ON `mm`.`idMarca`=`ma`.`idMarca`', [], false)
 2 SYSTEMPATH\Model.php(213): CodeIgniter\Database\BaseBuilder->get()
 3 SYSTEMPATH\BaseModel.php(610): CodeIgniter\Model->doFind(false, null)
 4 APPPATH\Controllers\ModeloMaquinarioController.php(52): CodeIgniter\BaseModel->find()
 5 SYSTEMPATH\CodeIgniter.php(933): App\Controllers\ModeloMaquinarioController->listar()
 6 SYSTEMPATH\CodeIgniter.php(509): CodeIgniter\CodeIgniter->runController(Object(App\Controllers\ModeloMaquinarioController))
 7 SYSTEMPATH\CodeIgniter.php(355): CodeIgniter\CodeIgniter->handleRequest(null, Object(Config\Cache), false)
 8 SYSTEMPATH\Boot.php(325): CodeIgniter\CodeIgniter->run()
 9 SYSTEMPATH\Boot.php(67): CodeIgniter\Boot::runCodeIgniter(Object(CodeIgniter\CodeIgniter))
10 FCPATH\index.php(56): CodeIgniter\Boot::bootWeb(Object(Config\Paths))
11 SYSTEMPATH\Commands\Server\rewrite.php(49): require_once('C:\\xampp\\htdocs\\erp-firma\\public\\index.php')
CRITICAL - 2024-09-30 11:59:13 --> [Caused by] CodeIgniter\Database\Exceptions\DatabaseException: Unknown column 'mm.idCategoriaMaquinario' in 'on clause'
in SYSTEMPATH\Database\MySQLi\Connection.php on line 315.
 1 SYSTEMPATH\Database\BaseConnection.php(732): CodeIgniter\Database\MySQLi\Connection->execute('SELECT `modelo_maquinario`.`idModeloMaquinario` as `idModelo`, `modelo_maquinario`.`nome` as `modelo`, `cm`.`idCategoriaMaquinario` as `idCategoria`, `cm`.`nome` as `categoria`, `ma`.`idMarca` as `idMarca`, `ma`.`nome` as `marca`
FROM `modelo_maquinario`
INNER JOIN `categoria_maquinario` `cm` ON `mm`.`idCategoriaMaquinario`=`cm`.`idCategoriaMaquinario`
INNER JOIN `marca` `ma` ON `mm`.`idMarca`=`ma`.`idMarca`')
 2 SYSTEMPATH\Database\BaseConnection.php(646): CodeIgniter\Database\BaseConnection->simpleQuery('SELECT `modelo_maquinario`.`idModeloMaquinario` as `idModelo`, `modelo_maquinario`.`nome` as `modelo`, `cm`.`idCategoriaMaquinario` as `idCategoria`, `cm`.`nome` as `categoria`, `ma`.`idMarca` as `idMarca`, `ma`.`nome` as `marca`
FROM `modelo_maquinario`
INNER JOIN `categoria_maquinario` `cm` ON `mm`.`idCategoriaMaquinario`=`cm`.`idCategoriaMaquinario`
INNER JOIN `marca` `ma` ON `mm`.`idMarca`=`ma`.`idMarca`')
 3 SYSTEMPATH\Database\BaseBuilder.php(1637): CodeIgniter\Database\BaseConnection->query('SELECT `modelo_maquinario`.`idModeloMaquinario` as `idModelo`, `modelo_maquinario`.`nome` as `modelo`, `cm`.`idCategoriaMaquinario` as `idCategoria`, `cm`.`nome` as `categoria`, `ma`.`idMarca` as `idMarca`, `ma`.`nome` as `marca`
FROM `modelo_maquinario`
INNER JOIN `categoria_maquinario` `cm` ON `mm`.`idCategoriaMaquinario`=`cm`.`idCategoriaMaquinario`
INNER JOIN `marca` `ma` ON `mm`.`idMarca`=`ma`.`idMarca`', [], false)
 4 SYSTEMPATH\Model.php(213): CodeIgniter\Database\BaseBuilder->get()
 5 SYSTEMPATH\BaseModel.php(610): CodeIgniter\Model->doFind(false, null)
 6 APPPATH\Controllers\ModeloMaquinarioController.php(52): CodeIgniter\BaseModel->find()
 7 SYSTEMPATH\CodeIgniter.php(933): App\Controllers\ModeloMaquinarioController->listar()
 8 SYSTEMPATH\CodeIgniter.php(509): CodeIgniter\CodeIgniter->runController(Object(App\Controllers\ModeloMaquinarioController))
 9 SYSTEMPATH\CodeIgniter.php(355): CodeIgniter\CodeIgniter->handleRequest(null, Object(Config\Cache), false)
10 SYSTEMPATH\Boot.php(325): CodeIgniter\CodeIgniter->run()
11 SYSTEMPATH\Boot.php(67): CodeIgniter\Boot::runCodeIgniter(Object(CodeIgniter\CodeIgniter))
12 FCPATH\index.php(56): CodeIgniter\Boot::bootWeb(Object(Config\Paths))
13 SYSTEMPATH\Commands\Server\rewrite.php(49): require_once('C:\\xampp\\htdocs\\erp-firma\\public\\index.php')
CRITICAL - 2024-09-30 11:59:13 --> [Caused by] mysqli_sql_exception: Unknown column 'mm.idCategoriaMaquinario' in 'on clause'
in SYSTEMPATH\Database\MySQLi\Connection.php on line 310.
 1 SYSTEMPATH\Database\MySQLi\Connection.php(310): mysqli->query('SELECT `modelo_maquinario`.`idModeloMaquinario` as `idModelo`, `modelo_maquinario`.`nome` as `modelo`, `cm`.`idCategoriaMaquinario` as `idCategoria`, `cm`.`nome` as `categoria`, `ma`.`idMarca` as `idMarca`, `ma`.`nome` as `marca`
FROM `modelo_maquinario`
INNER JOIN `categoria_maquinario` `cm` ON `mm`.`idCategoriaMaquinario`=`cm`.`idCategoriaMaquinario`
INNER JOIN `marca` `ma` ON `mm`.`idMarca`=`ma`.`idMarca`', 0)
 2 SYSTEMPATH\Database\BaseConnection.php(732): CodeIgniter\Database\MySQLi\Connection->execute('SELECT `modelo_maquinario`.`idModeloMaquinario` as `idModelo`, `modelo_maquinario`.`nome` as `modelo`, `cm`.`idCategoriaMaquinario` as `idCategoria`, `cm`.`nome` as `categoria`, `ma`.`idMarca` as `idMarca`, `ma`.`nome` as `marca`
FROM `modelo_maquinario`
INNER JOIN `categoria_maquinario` `cm` ON `mm`.`idCategoriaMaquinario`=`cm`.`idCategoriaMaquinario`
INNER JOIN `marca` `ma` ON `mm`.`idMarca`=`ma`.`idMarca`')
 3 SYSTEMPATH\Database\BaseConnection.php(646): CodeIgniter\Database\BaseConnection->simpleQuery('SELECT `modelo_maquinario`.`idModeloMaquinario` as `idModelo`, `modelo_maquinario`.`nome` as `modelo`, `cm`.`idCategoriaMaquinario` as `idCategoria`, `cm`.`nome` as `categoria`, `ma`.`idMarca` as `idMarca`, `ma`.`nome` as `marca`
FROM `modelo_maquinario`
INNER JOIN `categoria_maquinario` `cm` ON `mm`.`idCategoriaMaquinario`=`cm`.`idCategoriaMaquinario`
INNER JOIN `marca` `ma` ON `mm`.`idMarca`=`ma`.`idMarca`')
 4 SYSTEMPATH\Database\BaseBuilder.php(1637): CodeIgniter\Database\BaseConnection->query('SELECT `modelo_maquinario`.`idModeloMaquinario` as `idModelo`, `modelo_maquinario`.`nome` as `modelo`, `cm`.`idCategoriaMaquinario` as `idCategoria`, `cm`.`nome` as `categoria`, `ma`.`idMarca` as `idMarca`, `ma`.`nome` as `marca`
FROM `modelo_maquinario`
INNER JOIN `categoria_maquinario` `cm` ON `mm`.`idCategoriaMaquinario`=`cm`.`idCategoriaMaquinario`
INNER JOIN `marca` `ma` ON `mm`.`idMarca`=`ma`.`idMarca`', [], false)
 5 SYSTEMPATH\Model.php(213): CodeIgniter\Database\BaseBuilder->get()
 6 SYSTEMPATH\BaseModel.php(610): CodeIgniter\Model->doFind(false, null)
 7 APPPATH\Controllers\ModeloMaquinarioController.php(52): CodeIgniter\BaseModel->find()
 8 SYSTEMPATH\CodeIgniter.php(933): App\Controllers\ModeloMaquinarioController->listar()
 9 SYSTEMPATH\CodeIgniter.php(509): CodeIgniter\CodeIgniter->runController(Object(App\Controllers\ModeloMaquinarioController))
10 SYSTEMPATH\CodeIgniter.php(355): CodeIgniter\CodeIgniter->handleRequest(null, Object(Config\Cache), false)
11 SYSTEMPATH\Boot.php(325): CodeIgniter\CodeIgniter->run()
12 SYSTEMPATH\Boot.php(67): CodeIgniter\Boot::runCodeIgniter(Object(CodeIgniter\CodeIgniter))
13 FCPATH\index.php(56): CodeIgniter\Boot::bootWeb(Object(Config\Paths))
14 SYSTEMPATH\Commands\Server\rewrite.php(49): require_once('C:\\xampp\\htdocs\\erp-firma\\public\\index.php')
INFO - 2024-09-30 12:00:00 --> Session: Class initialized using 'CodeIgniter\Session\Handlers\FileHandler' driver.
INFO - 2024-09-30 12:00:41 --> Session: Class initialized using 'CodeIgniter\Session\Handlers\FileHandler' driver.
INFO - 2024-09-30 12:02:01 --> Session: Class initialized using 'CodeIgniter\Session\Handlers\FileHandler' driver.
CRITICAL - 2024-09-30 12:02:01 --> ErrorException: Attempt to read property "categoria" on array
[Method: GET, Route: modelo-maquinario/listar]
in APPPATH\Views\modelo-maquinario\listar.php on line 21.
 1 APPPATH\Views\modelo-maquinario\listar.php(21): CodeIgniter\Debug\Exceptions->errorHandler(2, 'Attempt to read property "categoria" on array', 'C:\\xampp\\htdocs\\erp-firma\\app\\Views\\modelo-maquinario\\listar.php', 21)
 2 SYSTEMPATH\View\View.php(234): include('C:\\xampp\\htdocs\\erp-firma\\app\\Views\\modelo-maquinario\\listar.php')
 3 SYSTEMPATH\View\View.php(237): CodeIgniter\View\View->CodeIgniter\View\{closure}()
 4 SYSTEMPATH\Common.php(1171): CodeIgniter\View\View->render('modelo-maquinario/listar', [], true)
 5 APPPATH\Controllers\ModeloMaquinarioController.php(59): view('modelo-maquinario/listar')
 6 SYSTEMPATH\CodeIgniter.php(933): App\Controllers\ModeloMaquinarioController->listar()
 7 SYSTEMPATH\CodeIgniter.php(509): CodeIgniter\CodeIgniter->runController(Object(App\Controllers\ModeloMaquinarioController))
 8 SYSTEMPATH\CodeIgniter.php(355): CodeIgniter\CodeIgniter->handleRequest(null, Object(Config\Cache), false)
 9 SYSTEMPATH\Boot.php(325): CodeIgniter\CodeIgniter->run()
10 SYSTEMPATH\Boot.php(67): CodeIgniter\Boot::runCodeIgniter(Object(CodeIgniter\CodeIgniter))
11 FCPATH\index.php(56): CodeIgniter\Boot::bootWeb(Object(Config\Paths))
12 SYSTEMPATH\Commands\Server\rewrite.php(49): require_once('C:\\xampp\\htdocs\\erp-firma\\public\\index.php')
INFO - 2024-09-30 12:03:24 --> Session: Class initialized using 'CodeIgniter\Session\Handlers\FileHandler' driver.
INFO - 2024-09-30 12:04:49 --> Session: Class initialized using 'CodeIgniter\Session\Handlers\FileHandler' driver.
INFO - 2024-09-30 12:05:19 --> Session: Class initialized using 'CodeIgniter\Session\Handlers\FileHandler' driver.
INFO - 2024-09-30 12:05:20 --> Session: Class initialized using 'CodeIgniter\Session\Handlers\FileHandler' driver.
INFO - 2024-09-30 12:12:30 --> Session: Class initialized using 'CodeIgniter\Session\Handlers\FileHandler' driver.
CRITICAL - 2024-09-30 12:12:30 --> Error: Call to a member function link() on null
[Method: GET, Route: modelo-maquinario/listar]
in APPPATH\Views\modelo-maquinario\listar.php on line 33.
 1 SYSTEMPATH\View\View.php(234): include()
 2 SYSTEMPATH\View\View.php(237): CodeIgniter\View\View->CodeIgniter\View\{closure}()
 3 SYSTEMPATH\Common.php(1171): CodeIgniter\View\View->render('modelo-maquinario/listar', [], true)
 4 APPPATH\Controllers\ModeloMaquinarioController.php(60): view('modelo-maquinario/listar')
 5 SYSTEMPATH\CodeIgniter.php(933): App\Controllers\ModeloMaquinarioController->listar()
 6 SYSTEMPATH\CodeIgniter.php(509): CodeIgniter\CodeIgniter->runController(Object(App\Controllers\ModeloMaquinarioController))
 7 SYSTEMPATH\CodeIgniter.php(355): CodeIgniter\CodeIgniter->handleRequest(null, Object(Config\Cache), false)
 8 SYSTEMPATH\Boot.php(325): CodeIgniter\CodeIgniter->run()
 9 SYSTEMPATH\Boot.php(67): CodeIgniter\Boot::runCodeIgniter(Object(CodeIgniter\CodeIgniter))
10 FCPATH\index.php(56): CodeIgniter\Boot::bootWeb(Object(Config\Paths))
11 SYSTEMPATH\Commands\Server\rewrite.php(49): require_once('C:\\xampp\\htdocs\\erp-firma\\public\\index.php')
INFO - 2024-09-30 12:13:37 --> Session: Class initialized using 'CodeIgniter\Session\Handlers\FileHandler' driver.
CRITICAL - 2024-09-30 12:13:37 --> Error: Call to a member function link() on null
[Method: GET, Route: modelo-maquinario/listar]
in APPPATH\Views\modelo-maquinario\listar.php on line 33.
 1 SYSTEMPATH\View\View.php(234): include()
 2 SYSTEMPATH\View\View.php(237): CodeIgniter\View\View->CodeIgniter\View\{closure}()
 3 SYSTEMPATH\Common.php(1171): CodeIgniter\View\View->render('modelo-maquinario/listar', [], true)
 4 APPPATH\Controllers\ModeloMaquinarioController.php(65): view('modelo-maquinario/listar')
 5 SYSTEMPATH\CodeIgniter.php(933): App\Controllers\ModeloMaquinarioController->listar()
 6 SYSTEMPATH\CodeIgniter.php(509): CodeIgniter\CodeIgniter->runController(Object(App\Controllers\ModeloMaquinarioController))
 7 SYSTEMPATH\CodeIgniter.php(355): CodeIgniter\CodeIgniter->handleRequest(null, Object(Config\Cache), false)
 8 SYSTEMPATH\Boot.php(325): CodeIgniter\CodeIgniter->run()
 9 SYSTEMPATH\Boot.php(67): CodeIgniter\Boot::runCodeIgniter(Object(CodeIgniter\CodeIgniter))
10 FCPATH\index.php(56): CodeIgniter\Boot::bootWeb(Object(Config\Paths))
11 SYSTEMPATH\Commands\Server\rewrite.php(49): require_once('C:\\xampp\\htdocs\\erp-firma\\public\\index.php')
INFO - 2024-09-30 12:14:33 --> Session: Class initialized using 'CodeIgniter\Session\Handlers\FileHandler' driver.
CRITICAL - 2024-09-30 12:14:33 --> Error: Call to a member function links() on null
[Method: GET, Route: modelo-maquinario/listar]
in APPPATH\Views\modelo-maquinario\listar.php on line 33.
 1 SYSTEMPATH\View\View.php(234): include()
 2 SYSTEMPATH\View\View.php(237): CodeIgniter\View\View->CodeIgniter\View\{closure}()
 3 SYSTEMPATH\Common.php(1171): CodeIgniter\View\View->render('modelo-maquinario/listar', [], true)
 4 APPPATH\Controllers\ModeloMaquinarioController.php(65): view('modelo-maquinario/listar')
 5 SYSTEMPATH\CodeIgniter.php(933): App\Controllers\ModeloMaquinarioController->listar()
 6 SYSTEMPATH\CodeIgniter.php(509): CodeIgniter\CodeIgniter->runController(Object(App\Controllers\ModeloMaquinarioController))
 7 SYSTEMPATH\CodeIgniter.php(355): CodeIgniter\CodeIgniter->handleRequest(null, Object(Config\Cache), false)
 8 SYSTEMPATH\Boot.php(325): CodeIgniter\CodeIgniter->run()
 9 SYSTEMPATH\Boot.php(67): CodeIgniter\Boot::runCodeIgniter(Object(CodeIgniter\CodeIgniter))
10 FCPATH\index.php(56): CodeIgniter\Boot::bootWeb(Object(Config\Paths))
11 SYSTEMPATH\Commands\Server\rewrite.php(49): require_once('C:\\xampp\\htdocs\\erp-firma\\public\\index.php')
INFO - 2024-09-30 12:15:02 --> Session: Class initialized using 'CodeIgniter\Session\Handlers\FileHandler' driver.
CRITICAL - 2024-09-30 12:15:02 --> ErrorException: Trying to access array offset on value of type null
[Method: GET, Route: modelo-maquinario/listar]
in APPPATH\Views\modelo-maquinario\listar.php on line 21.
 1 APPPATH\Views\modelo-maquinario\listar.php(21): CodeIgniter\Debug\Exceptions->errorHandler(2, 'Trying to access array offset on value of type null', 'C:\\xampp\\htdocs\\erp-firma\\app\\Views\\modelo-maquinario\\listar.php', 21)
 2 SYSTEMPATH\View\View.php(234): include('C:\\xampp\\htdocs\\erp-firma\\app\\Views\\modelo-maquinario\\listar.php')
 3 SYSTEMPATH\View\View.php(237): CodeIgniter\View\View->CodeIgniter\View\{closure}()
 4 SYSTEMPATH\Common.php(1171): CodeIgniter\View\View->render('modelo-maquinario/listar', [], true)
 5 APPPATH\Controllers\ModeloMaquinarioController.php(65): view('modelo-maquinario/listar')
 6 SYSTEMPATH\CodeIgniter.php(933): App\Controllers\ModeloMaquinarioController->listar()
 7 SYSTEMPATH\CodeIgniter.php(509): CodeIgniter\CodeIgniter->runController(Object(App\Controllers\ModeloMaquinarioController))
 8 SYSTEMPATH\CodeIgniter.php(355): CodeIgniter\CodeIgniter->handleRequest(null, Object(Config\Cache), false)
 9 SYSTEMPATH\Boot.php(325): CodeIgniter\CodeIgniter->run()
10 SYSTEMPATH\Boot.php(67): CodeIgniter\Boot::runCodeIgniter(Object(CodeIgniter\CodeIgniter))
11 FCPATH\index.php(56): CodeIgniter\Boot::bootWeb(Object(Config\Paths))
12 SYSTEMPATH\Commands\Server\rewrite.php(49): require_once('C:\\xampp\\htdocs\\erp-firma\\public\\index.php')
INFO - 2024-09-30 12:16:21 --> Session: Class initialized using 'CodeIgniter\Session\Handlers\FileHandler' driver.
