CRITICAL - 2024-06-27 22:49:23 --> CodeIgniter\Router\Exceptions\RouterException: The route for "homeAdm" cannot be found.
[Method: GET, Route: usuarios/list]
in SYSTEMPATH\Helpers\url_helper.php on line 494.
 1 SYSTEMPATH\Helpers\url_helper.php(494): CodeIgniter\Router\Exceptions\RouterException::forInvalidRoute('homeAdm')
 2 APPPATH\Views\layouts\navbarMaster.php(3): url_to('homeAdm')
 3 SYSTEMPATH\View\View.php(234): include('C:\\xampp\\htdocs\\erp-firma\\app\\Views\\layouts\\navbarMaster.php')
 4 SYSTEMPATH\View\View.php(237): CodeIgniter\View\View->CodeIgniter\View\{closure}()
 5 SYSTEMPATH\Common.php(1171): CodeIgniter\View\View->render('layouts/navbarMaster', [], true)
 6 APPPATH\Controllers\UsuarioController.php(18): view('layouts/navbarMaster')
 7 SYSTEMPATH\CodeIgniter.php(933): App\Controllers\UsuarioController->list()
 8 SYSTEMPATH\CodeIgniter.php(509): CodeIgniter\CodeIgniter->runController(Object(App\Controllers\UsuarioController))
 9 SYSTEMPATH\CodeIgniter.php(355): CodeIgniter\CodeIgniter->handleRequest(null, Object(Config\Cache), false)
10 SYSTEMPATH\Boot.php(325): CodeIgniter\CodeIgniter->run()
11 SYSTEMPATH\Boot.php(67): CodeIgniter\Boot::runCodeIgniter(Object(CodeIgniter\CodeIgniter))
12 FCPATH\index.php(56): CodeIgniter\Boot::bootWeb(Object(Config\Paths))
13 SYSTEMPATH\Commands\Server\rewrite.php(49): require_once('C:\\xampp\\htdocs\\erp-firma\\public\\index.php')
CRITICAL - 2024-06-27 23:36:00 --> CodeIgniter\Router\Exceptions\RouterException: The route for "page.master" cannot be found.
[Method: GET, Route: /]
in SYSTEMPATH\Helpers\url_helper.php on line 494.
 1 SYSTEMPATH\Helpers\url_helper.php(494): CodeIgniter\Router\Exceptions\RouterException::forInvalidRoute('page.master')
 2 APPPATH\Views\layouts\navbarMaster.php(3): url_to('page.master')
 3 SYSTEMPATH\View\View.php(234): include('C:\\xampp\\htdocs\\erp-firma\\app\\Views\\layouts\\navbarMaster.php')
 4 SYSTEMPATH\View\View.php(237): CodeIgniter\View\View->CodeIgniter\View\{closure}()
 5 SYSTEMPATH\Common.php(1171): CodeIgniter\View\View->render('layouts/navbarMaster', [], true)
 6 APPPATH\Controllers\Home.php(16): view('layouts/navbarMaster')
 7 SYSTEMPATH\CodeIgniter.php(933): App\Controllers\Home->page_master()
 8 SYSTEMPATH\CodeIgniter.php(509): CodeIgniter\CodeIgniter->runController(Object(App\Controllers\Home))
 9 SYSTEMPATH\CodeIgniter.php(355): CodeIgniter\CodeIgniter->handleRequest(null, Object(Config\Cache), false)
10 SYSTEMPATH\Boot.php(325): CodeIgniter\CodeIgniter->run()
11 SYSTEMPATH\Boot.php(67): CodeIgniter\Boot::runCodeIgniter(Object(CodeIgniter\CodeIgniter))
12 FCPATH\index.php(56): CodeIgniter\Boot::bootWeb(Object(Config\Paths))
13 SYSTEMPATH\Commands\Server\rewrite.php(49): require_once('C:\\xampp\\htdocs\\erp-firma\\public\\index.php')
CRITICAL - 2024-06-27 23:38:29 --> CodeIgniter\Router\Exceptions\RouterException: The route for "page.master" cannot be found.
[Method: GET, Route: /]
in SYSTEMPATH\Helpers\url_helper.php on line 494.
 1 SYSTEMPATH\Helpers\url_helper.php(494): CodeIgniter\Router\Exceptions\RouterException::forInvalidRoute('page.master')
 2 APPPATH\Views\layouts\navbarMaster.php(3): url_to('page.master')
 3 SYSTEMPATH\View\View.php(234): include('C:\\xampp\\htdocs\\erp-firma\\app\\Views\\layouts\\navbarMaster.php')
 4 SYSTEMPATH\View\View.php(237): CodeIgniter\View\View->CodeIgniter\View\{closure}()
 5 SYSTEMPATH\Common.php(1171): CodeIgniter\View\View->render('layouts/navbarMaster', [], true)
 6 APPPATH\Controllers\Home.php(16): view('layouts/navbarMaster')
 7 SYSTEMPATH\CodeIgniter.php(933): App\Controllers\Home->page_master()
 8 SYSTEMPATH\CodeIgniter.php(509): CodeIgniter\CodeIgniter->runController(Object(App\Controllers\Home))
 9 SYSTEMPATH\CodeIgniter.php(355): CodeIgniter\CodeIgniter->handleRequest(null, Object(Config\Cache), false)
10 SYSTEMPATH\Boot.php(325): CodeIgniter\CodeIgniter->run()
11 SYSTEMPATH\Boot.php(67): CodeIgniter\Boot::runCodeIgniter(Object(CodeIgniter\CodeIgniter))
12 FCPATH\index.php(56): CodeIgniter\Boot::bootWeb(Object(Config\Paths))
13 SYSTEMPATH\Commands\Server\rewrite.php(49): require_once('C:\\xampp\\htdocs\\erp-firma\\public\\index.php')
CRITICAL - 2024-06-27 23:40:41 --> CodeIgniter\Router\Exceptions\RouterException: The route for "page.master" cannot be found.
[Method: GET, Route: /]
in SYSTEMPATH\Helpers\url_helper.php on line 494.
 1 SYSTEMPATH\Helpers\url_helper.php(494): CodeIgniter\Router\Exceptions\RouterException::forInvalidRoute('page.master')
 2 APPPATH\Views\layouts\navbarMaster.php(3): url_to('page.master')
 3 SYSTEMPATH\View\View.php(234): include('C:\\xampp\\htdocs\\erp-firma\\app\\Views\\layouts\\navbarMaster.php')
 4 SYSTEMPATH\View\View.php(237): CodeIgniter\View\View->CodeIgniter\View\{closure}()
 5 SYSTEMPATH\Common.php(1171): CodeIgniter\View\View->render('layouts/navbarMaster', [], true)
 6 APPPATH\Controllers\Home.php(16): view('layouts/navbarMaster')
 7 SYSTEMPATH\CodeIgniter.php(933): App\Controllers\Home->index()
 8 SYSTEMPATH\CodeIgniter.php(509): CodeIgniter\CodeIgniter->runController(Object(App\Controllers\Home))
 9 SYSTEMPATH\CodeIgniter.php(355): CodeIgniter\CodeIgniter->handleRequest(null, Object(Config\Cache), false)
10 SYSTEMPATH\Boot.php(325): CodeIgniter\CodeIgniter->run()
11 SYSTEMPATH\Boot.php(67): CodeIgniter\Boot::runCodeIgniter(Object(CodeIgniter\CodeIgniter))
12 FCPATH\index.php(56): CodeIgniter\Boot::bootWeb(Object(Config\Paths))
13 SYSTEMPATH\Commands\Server\rewrite.php(49): require_once('C:\\xampp\\htdocs\\erp-firma\\public\\index.php')
